transformScriptTags.ts:271 You are using the in-browser Babel transformer. Be sure to precompile your scripts for production - https://babeljs.io/docs/setup/
(anonymous) @ transformScriptTags.ts:271
VEe @ index.ts:277
WEe @ index.ts:261
WAPArkScanner/?arrival=2026-07-09&campgrounds=144%2C145%2C146%2C147%2C148%2C149%2C150%2C151%2C152%2…:1 Access to fetch at 'https://parkstay.dbca.wa.gov.au/api/campsite_availablity_view/145/?arrival=2026/07/09&departure=2026/07/22&num_adult=2&num_child=0&num_concession=0&num_infant=0&gear_type=all&_=1771937795691' from origin 'https://bigkrisso.github.io' has been blocked by CORS policy: No 'Access-Control-Allow-Origin' header is present on the requested resource.
Inline Babel script:193  GET https://parkstay.dbca.wa.gov.au/api/campsite_availablity_view/145/?arrival=2026/07/09&departure=2026/07/22&num_adult=2&num_child=0&num_concession=0&num_infant=0&gear_type=all&_=1771937795691 net::ERR_FAILED
(anonymous) @ Inline Babel script:193
(anonymous) @ Inline Babel script:2
(anonymous) @ Inline Babel script:2
asyncGeneratorStep @ Inline Babel script:2
_next @ Inline Babel script:2
(anonymous) @ Inline Babel script:2
(anonymous) @ Inline Babel script:2
(anonymous) @ Inline Babel script:207
(anonymous) @ Inline Babel script:184
(anonymous) @ Inline Babel script:2
(anonymous) @ Inline Babel script:2
asyncGeneratorStep @ Inline Babel script:2
_next @ Inline Babel script:2
(anonymous) @ Inline Babel script:2
(anonymous) @ Inline Babel script:2
searchAvailability @ Inline Babel script:178
kj @ react-dom.production.min.js:223
jj @ react-dom.production.min.js:34
mj @ react-dom.production.min.js:34
gh @ react-dom.production.min.js:62
Xg @ react-dom.production.min.js:63
(anonymous) @ react-dom.production.min.js:72
Tf @ react-dom.production.min.js:189
wg @ react-dom.production.min.js:32
Ce @ react-dom.production.min.js:65
Be @ react-dom.production.min.js:47
zj @ react-dom.production.min.js:46
WAPArkScanner/?arrival=2026-07-09&campgrounds=144%2C145%2C146%2C147%2C148%2C149%2C150%2C151%2C152%2…:1 Access to fetch at 'https://parkstay.dbca.wa.gov.au/api/campsite_availablity_view/149/?arrival=2026/07/09&departure=2026/07/22&num_adult=2&num_child=0&num_concession=0&num_infant=0&gear_type=all&_=1771937795692' from origin 'https://bigkrisso.github.io' has been blocked by CORS policy: No 'Access-Control-Allow-Origin' header is present on the requested resource.
Inline Babel script:193  GET https://parkstay.dbca.wa.gov.au/api/campsite_availablity_view/149/?arrival=2026/07/09&departure=2026/07/22&num_adult=2&num_child=0&num_concession=0&num_infant=0&gear_type=all&_=1771937795692 net::ERR_FAILED
(anonymous) @ Inline Babel script:193
(anonymous) @ Inline Babel script:2
(anonymous) @ Inline Babel script:2
asyncGeneratorStep @ Inline Babel script:2
_next @ Inline Babel script:2
(anonymous) @ Inline Babel script:2
(anonymous) @ Inline Babel script:2
(anonymous) @ Inline Babel script:207
(anonymous) @ Inline Babel script:184
(anonymous) @ Inline Babel script:2
(anonymous) @ Inline Babel script:2
asyncGeneratorStep @ Inline Babel script:2
_next @ Inline Babel script:2
(anonymous) @ Inline Babel script:2
(anonymous) @ Inline Babel script:2
searchAvailability @ Inline Babel script:178
kj @ react-dom.production.min.js:223
jj @ react-dom.production.min.js:34
mj @ react-dom.production.min.js:34
gh @ react-dom.production.min.js:62
Xg @ react-dom.production.min.js:63
(anonymous) @ react-dom.production.min.js:72
Tf @ react-dom.production.min.js:189
wg @ react-dom.production.min.js:32
Ce @ react-dom.production.min.js:65
Be @ react-dom.production.min.js:47
zj @ react-dom.production.min.js:46
WAPArkScanner/?arrival=2026-07-09&campgrounds=144%2C145%2C146%2C147%2C148%2C149%2C150%2C151%2C152%2…:1 Access to fetch at 'https://parkstay.dbca.wa.gov.au/api/campsite_availablity_view/148/?arrival=2026/07/09&departure=2026/07/22&num_adult=2&num_child=0&num_concession=0&num_infant=0&gear_type=all&_=1771937795692' from origin 'https://bigkrisso.github.io' has been blocked by CORS policy: No 'Access-Control-Allow-Origin' header is present on the requested resource.
Inline Babel script:193  GET https://parkstay.dbca.wa.gov.au/api/campsite_availablity_view/148/?arrival=2026/07/09&departure=2026/07/22&num_adult=2&num_child=0&num_concession=0&num_infant=0&gear_type=all&_=1771937795692 net::ERR_FAILED
(anonymous) @ Inline Babel script:193
(anonymous) @ Inline Babel script:2
(anonymous) @ Inline Babel script:2
asyncGeneratorStep @ Inline Babel script:2
_next @ Inline Babel script:2
(anonymous) @ Inline Babel script:2
(anonymous) @ Inline Babel script:2
(anonymous) @ Inline Babel script:207
(anonymous) @ Inline Babel script:184
(anonymous) @ Inline Babel script:2
(anonymous) @ Inline Babel script:2
asyncGeneratorStep @ Inline Babel script:2
_next @ Inline Babel script:2
(anonymous) @ Inline Babel script:2
(anonymous) @ Inline Babel script:2
searchAvailability @ Inline Babel script:178
kj @ react-dom.production.min.js:223
jj @ react-dom.production.min.js:34
mj @ react-dom.production.min.js:34
gh @ react-dom.production.min.js:62
Xg @ react-dom.production.min.js:63
(anonymous) @ react-dom.production.min.js:72
Tf @ react-dom.production.min.js:189
wg @ react-dom.production.min.js:32
Ce @ react-dom.production.min.js:65
Be @ react-dom.production.min.js:47
zj @ react-dom.production.min.js:46
WAPArkScanner/?arrival=2026-07-09&campgrounds=144%2C145%2C146%2C147%2C148%2C149%2C150%2C151%2C152%2…:1 Access to fetch at 'https://parkstay.dbca.wa.gov.au/api/campsite_availablity_view/147/?arrival=2026/07/09&departure=2026/07/22&num_adult=2&num_child=0&num_concession=0&num_infant=0&gear_type=all&_=1771937795691' from origin 'https://bigkrisso.github.io' has been blocked by CORS policy: No 'Access-Control-Allow-Origin' header is present on the requested resource.
Inline Babel script:193  GET https://parkstay.dbca.wa.gov.au/api/campsite_availablity_view/147/?arrival=2026/07/09&departure=2026/07/22&num_adult=2&num_child=0&num_concession=0&num_infant=0&gear_type=all&_=1771937795691 net::ERR_FAILED
(anonymous) @ Inline Babel script:193
(anonymous) @ Inline Babel script:2
(anonymous) @ Inline Babel script:2
asyncGeneratorStep @ Inline Babel script:2
_next @ Inline Babel script:2
(anonymous) @ Inline Babel script:2
(anonymous) @ Inline Babel script:2
(anonymous) @ Inline Babel script:207
(anonymous) @ Inline Babel script:184
(anonymous) @ Inline Babel script:2
(anonymous) @ Inline Babel script:2
asyncGeneratorStep @ Inline Babel script:2
_next @ Inline Babel script:2
(anonymous) @ Inline Babel script:2
(anonymous) @ Inline Babel script:2
searchAvailability @ Inline Babel script:178
kj @ react-dom.production.min.js:223
jj @ react-dom.production.min.js:34
mj @ react-dom.production.min.js:34
gh @ react-dom.production.min.js:62
Xg @ react-dom.production.min.js:63
(anonymous) @ react-dom.production.min.js:72
Tf @ react-dom.production.min.js:189
wg @ react-dom.production.min.js:32
Ce @ react-dom.production.min.js:65
Be @ react-dom.production.min.js:47
zj @ react-dom.production.min.js:46
WAPArkScanner/?arrival=2026-07-09&campgrounds=144%2C145%2C146%2C147%2C148%2C149%2C150%2C151%2C152%2…:1 Access to fetch at 'https://parkstay.dbca.wa.gov.au/api/campsite_availablity_view/19/?arrival=2026/07/09&departure=2026/07/22&num_adult=2&num_child=0&num_concession=0&num_infant=0&gear_type=all&_=1771937795695' from origin 'https://bigkrisso.github.io' has been blocked by CORS policy: No 'Access-Control-Allow-Origin' header is present on the requested resource.
Inline Babel script:193  GET https://parkstay.dbca.wa.gov.au/api/campsite_availablity_view/19/?arrival=2026/07/09&departure=2026/07/22&num_adult=2&num_child=0&num_concession=0&num_infant=0&gear_type=all&_=1771937795695 net::ERR_FAILED
(anonymous) @ Inline Babel script:193
(anonymous) @ Inline Babel script:2
(anonymous) @ Inline Babel script:2
asyncGeneratorStep @ Inline Babel script:2
_next @ Inline Babel script:2
(anonymous) @ Inline Babel script:2
(anonymous) @ Inline Babel script:2
(anonymous) @ Inline Babel script:207
(anonymous) @ Inline Babel script:184
(anonymous) @ Inline Babel script:2
(anonymous) @ Inline Babel script:2
asyncGeneratorStep @ Inline Babel script:2
_next @ Inline Babel script:2
(anonymous) @ Inline Babel script:2
(anonymous) @ Inline Babel script:2
searchAvailability @ Inline Babel script:178
kj @ react-dom.production.min.js:223
jj @ react-dom.production.min.js:34
mj @ react-dom.production.min.js:34
gh @ react-dom.production.min.js:62
Xg @ react-dom.production.min.js:63
(anonymous) @ react-dom.production.min.js:72
Tf @ react-dom.production.min.js:189
wg @ react-dom.production.min.js:32
Ce @ react-dom.production.min.js:65
Be @ react-dom.production.min.js:47
zj @ react-dom.production.min.js:46
WAPArkScanner/?arrival=2026-07-09&campgrounds=144%2C145%2C146%2C147%2C148%2C149%2C150%2C151%2C152%2…:1 Access to fetch at 'https://parkstay.dbca.wa.gov.au/api/campsite_availablity_view/144/?arrival=2026/07/09&departure=2026/07/22&num_adult=2&num_child=0&num_concession=0&num_infant=0&gear_type=all&_=1771937795689' from origin 'https://bigkrisso.github.io' has been blocked by CORS policy: No 'Access-Control-Allow-Origin' header is present on the requested resource.
Inline Babel script:193  GET https://parkstay.dbca.wa.gov.au/api/campsite_availablity_view/144/?arrival=2026/07/09&departure=2026/07/22&num_adult=2&num_child=0&num_concession=0&num_infant=0&gear_type=all&_=1771937795689 net::ERR_FAILED
(anonymous) @ Inline Babel script:193
(anonymous) @ Inline Babel script:2
(anonymous) @ Inline Babel script:2
asyncGeneratorStep @ Inline Babel script:2
_next @ Inline Babel script:2
(anonymous) @ Inline Babel script:2
(anonymous) @ Inline Babel script:2
(anonymous) @ Inline Babel script:207
(anonymous) @ Inline Babel script:184
(anonymous) @ Inline Babel script:2
(anonymous) @ Inline Babel script:2
asyncGeneratorStep @ Inline Babel script:2
_next @ Inline Babel script:2
(anonymous) @ Inline Babel script:2
(anonymous) @ Inline Babel script:2
searchAvailability @ Inline Babel script:178
kj @ react-dom.production.min.js:223
jj @ react-dom.production.min.js:34
mj @ react-dom.production.min.js:34
gh @ react-dom.production.min.js:62
Xg @ react-dom.production.min.js:63
(anonymous) @ react-dom.production.min.js:72
Tf @ react-dom.production.min.js:189
wg @ react-dom.production.min.js:32
Ce @ react-dom.production.min.js:65
Be @ react-dom.production.min.js:47
zj @ react-dom.production.min.js:46
WAPArkScanner/?arrival=2026-07-09&campgrounds=144%2C145%2C146%2C147%2C148%2C149%2C150%2C151%2C152%2…:1 Access to fetch at 'https://parkstay.dbca.wa.gov.au/api/campsite_availablity_view/152/?arrival=2026/07/09&departure=2026/07/22&num_adult=2&num_child=0&num_concession=0&num_infant=0&gear_type=all&_=1771937795693' from origin 'https://bigkrisso.github.io' has been blocked by CORS policy: No 'Access-Control-Allow-Origin' header is present on the requested resource.
Inline Babel script:193  GET https://parkstay.dbca.wa.gov.au/api/campsite_availablity_view/152/?arrival=2026/07/09&departure=2026/07/22&num_adult=2&num_child=0&num_concession=0&num_infant=0&gear_type=all&_=1771937795693 net::ERR_FAILED
(anonymous) @ Inline Babel script:193
(anonymous) @ Inline Babel script:2
(anonymous) @ Inline Babel script:2
asyncGeneratorStep @ Inline Babel script:2
_next @ Inline Babel script:2
(anonymous) @ Inline Babel script:2
(anonymous) @ Inline Babel script:2
(anonymous) @ Inline Babel script:207
(anonymous) @ Inline Babel script:184
(anonymous) @ Inline Babel script:2
(anonymous) @ Inline Babel script:2
asyncGeneratorStep @ Inline Babel script:2
_next @ Inline Babel script:2
(anonymous) @ Inline Babel script:2
(anonymous) @ Inline Babel script:2
searchAvailability @ Inline Babel script:178
kj @ react-dom.production.min.js:223
jj @ react-dom.production.min.js:34
mj @ react-dom.production.min.js:34
gh @ react-dom.production.min.js:62
Xg @ react-dom.production.min.js:63
(anonymous) @ react-dom.production.min.js:72
Tf @ react-dom.production.min.js:189
wg @ react-dom.production.min.js:32
Ce @ react-dom.production.min.js:65
Be @ react-dom.production.min.js:47
zj @ react-dom.production.min.js:46
WAPArkScanner/?arrival=2026-07-09&campgrounds=144%2C145%2C146%2C147%2C148%2C149%2C150%2C151%2C152%2…:1 Access to fetch at 'https://parkstay.dbca.wa.gov.au/api/campsite_availablity_view/26/?arrival=2026/07/09&departure=2026/07/22&num_adult=2&num_child=0&num_concession=0&num_infant=0&gear_type=all&_=1771937795696' from origin 'https://bigkrisso.github.io' has been blocked by CORS policy: No 'Access-Control-Allow-Origin' header is present on the requested resource.
Inline Babel script:193  GET https://parkstay.dbca.wa.gov.au/api/campsite_availablity_view/26/?arrival=2026/07/09&departure=2026/07/22&num_adult=2&num_child=0&num_concession=0&num_infant=0&gear_type=all&_=1771937795696 net::ERR_FAILED
(anonymous) @ Inline Babel script:193
(anonymous) @ Inline Babel script:2
(anonymous) @ Inline Babel script:2
asyncGeneratorStep @ Inline Babel script:2
_next @ Inline Babel script:2
(anonymous) @ Inline Babel script:2
(anonymous) @ Inline Babel script:2
(anonymous) @ Inline Babel script:207
(anonymous) @ Inline Babel script:184
(anonymous) @ Inline Babel script:2
(anonymous) @ Inline Babel script:2
asyncGeneratorStep @ Inline Babel script:2
_next @ Inline Babel script:2
(anonymous) @ Inline Babel script:2
(anonymous) @ Inline Babel script:2
searchAvailability @ Inline Babel script:178
kj @ react-dom.production.min.js:223
jj @ react-dom.production.min.js:34
mj @ react-dom.production.min.js:34
gh @ react-dom.production.min.js:62
Xg @ react-dom.production.min.js:63
(anonymous) @ react-dom.production.min.js:72
Tf @ react-dom.production.min.js:189
wg @ react-dom.production.min.js:32
Ce @ react-dom.production.min.js:65
Be @ react-dom.production.min.js:47
zj @ react-dom.production.min.js:46
WAPArkScanner/?arrival=2026-07-09&campgrounds=144%2C145%2C146%2C147%2C148%2C149%2C150%2C151%2C152%2…:1 Access to fetch at 'https://parkstay.dbca.wa.gov.au/api/campsite_availablity_view/146/?arrival=2026/07/09&departure=2026/07/22&num_adult=2&num_child=0&num_concession=0&num_infant=0&gear_type=all&_=1771937795691' from origin 'https://bigkrisso.github.io' has been blocked by CORS policy: No 'Access-Control-Allow-Origin' header is present on the requested resource.
Inline Babel script:193  GET https://parkstay.dbca.wa.gov.au/api/campsite_availablity_view/146/?arrival=2026/07/09&departure=2026/07/22&num_adult=2&num_child=0&num_concession=0&num_infant=0&gear_type=all&_=1771937795691 net::ERR_FAILED
(anonymous) @ Inline Babel script:193
(anonymous) @ Inline Babel script:2
(anonymous) @ Inline Babel script:2
asyncGeneratorStep @ Inline Babel script:2
_next @ Inline Babel script:2
(anonymous) @ Inline Babel script:2
(anonymous) @ Inline Babel script:2
(anonymous) @ Inline Babel script:207
(anonymous) @ Inline Babel script:184
(anonymous) @ Inline Babel script:2
(anonymous) @ Inline Babel script:2
asyncGeneratorStep @ Inline Babel script:2
_next @ Inline Babel script:2
(anonymous) @ Inline Babel script:2
(anonymous) @ Inline Babel script:2
searchAvailability @ Inline Babel script:178
kj @ react-dom.production.min.js:223
jj @ react-dom.production.min.js:34
mj @ react-dom.production.min.js:34
gh @ react-dom.production.min.js:62
Xg @ react-dom.production.min.js:63
(anonymous) @ react-dom.production.min.js:72
Tf @ react-dom.production.min.js:189
wg @ react-dom.production.min.js:32
Ce @ react-dom.production.min.js:65
Be @ react-dom.production.min.js:47
zj @ react-dom.production.min.js:46
WAPArkScanner/?arrival=2026-07-09&campgrounds=144%2C145%2C146%2C147%2C148%2C149%2C150%2C151%2C152%2…:1 Access to fetch at 'https://parkstay.dbca.wa.gov.au/api/campsite_availablity_view/150/?arrival=2026/07/09&departure=2026/07/22&num_adult=2&num_child=0&num_concession=0&num_infant=0&gear_type=all&_=1771937795692' from origin 'https://bigkrisso.github.io' has been blocked by CORS policy: No 'Access-Control-Allow-Origin' header is present on the requested resource.
Inline Babel script:193  GET https://parkstay.dbca.wa.gov.au/api/campsite_availablity_view/150/?arrival=2026/07/09&departure=2026/07/22&num_adult=2&num_child=0&num_concession=0&num_infant=0&gear_type=all&_=1771937795692 net::ERR_FAILED
(anonymous) @ Inline Babel script:193
(anonymous) @ Inline Babel script:2
(anonymous) @ Inline Babel script:2
asyncGeneratorStep @ Inline Babel script:2
_next @ Inline Babel script:2
(anonymous) @ Inline Babel script:2
(anonymous) @ Inline Babel script:2
(anonymous) @ Inline Babel script:207
(anonymous) @ Inline Babel script:184
(anonymous) @ Inline Babel script:2
(anonymous) @ Inline Babel script:2
asyncGeneratorStep @ Inline Babel script:2
_next @ Inline Babel script:2
(anonymous) @ Inline Babel script:2
(anonymous) @ Inline Babel script:2
searchAvailability @ Inline Babel script:178
kj @ react-dom.production.min.js:223
jj @ react-dom.production.min.js:34
mj @ react-dom.production.min.js:34
gh @ react-dom.production.min.js:62
Xg @ react-dom.production.min.js:63
(anonymous) @ react-dom.production.min.js:72
Tf @ react-dom.production.min.js:189
wg @ react-dom.production.min.js:32
Ce @ react-dom.production.min.js:65
Be @ react-dom.production.min.js:47
zj @ react-dom.production.min.js:46
WAPArkScanner/?arrival=2026-07-09&campgrounds=144%2C145%2C146%2C147%2C148%2C149%2C150%2C151%2C152%2…:1 Access to fetch at 'https://parkstay.dbca.wa.gov.au/api/campsite_availablity_view/164/?arrival=2026/07/09&departure=2026/07/22&num_adult=2&num_child=0&num_concession=0&num_infant=0&gear_type=all&_=1771937795694' from origin 'https://bigkrisso.github.io' has been blocked by CORS policy: No 'Access-Control-Allow-Origin' header is present on the requested resource.
Inline Babel script:193  GET https://parkstay.dbca.wa.gov.au/api/campsite_availablity_view/164/?arrival=2026/07/09&departure=2026/07/22&num_adult=2&num_child=0&num_concession=0&num_infant=0&gear_type=all&_=1771937795694 net::ERR_FAILED
(anonymous) @ Inline Babel script:193
(anonymous) @ Inline Babel script:2
(anonymous) @ Inline Babel script:2
asyncGeneratorStep @ Inline Babel script:2
_next @ Inline Babel script:2
(anonymous) @ Inline Babel script:2
(anonymous) @ Inline Babel script:2
(anonymous) @ Inline Babel script:207
(anonymous) @ Inline Babel script:184
(anonymous) @ Inline Babel script:2
(anonymous) @ Inline Babel script:2
asyncGeneratorStep @ Inline Babel script:2
_next @ Inline Babel script:2
(anonymous) @ Inline Babel script:2
(anonymous) @ Inline Babel script:2
searchAvailability @ Inline Babel script:178
kj @ react-dom.production.min.js:223
jj @ react-dom.production.min.js:34
mj @ react-dom.production.min.js:34
gh @ react-dom.production.min.js:62
Xg @ react-dom.production.min.js:63
(anonymous) @ react-dom.production.min.js:72
Tf @ react-dom.production.min.js:189
wg @ react-dom.production.min.js:32
Ce @ react-dom.production.min.js:65
Be @ react-dom.production.min.js:47
zj @ react-dom.production.min.js:46
WAPArkScanner/?arrival=2026-07-09&campgrounds=144%2C145%2C146%2C147%2C148%2C149%2C150%2C151%2C152%2…:1 Access to fetch at 'https://parkstay.dbca.wa.gov.au/api/campsite_availablity_view/163/?arrival=2026/07/09&departure=2026/07/22&num_adult=2&num_child=0&num_concession=0&num_infant=0&gear_type=all&_=1771937795694' from origin 'https://bigkrisso.github.io' has been blocked by CORS policy: No 'Access-Control-Allow-Origin' header is present on the requested resource.
Inline Babel script:193  GET https://parkstay.dbca.wa.gov.au/api/campsite_availablity_view/163/?arrival=2026/07/09&departure=2026/07/22&num_adult=2&num_child=0&num_concession=0&num_infant=0&gear_type=all&_=1771937795694 net::ERR_FAILED
(anonymous) @ Inline Babel script:193
(anonymous) @ Inline Babel script:2
(anonymous) @ Inline Babel script:2
asyncGeneratorStep @ Inline Babel script:2
_next @ Inline Babel script:2
(anonymous) @ Inline Babel script:2
(anonymous) @ Inline Babel script:2
(anonymous) @ Inline Babel script:207
(anonymous) @ Inline Babel script:184
(anonymous) @ Inline Babel script:2
(anonymous) @ Inline Babel script:2
asyncGeneratorStep @ Inline Babel script:2
_next @ Inline Babel script:2
(anonymous) @ Inline Babel script:2
(anonymous) @ Inline Babel script:2
searchAvailability @ Inline Babel script:178
kj @ react-dom.production.min.js:223
jj @ react-dom.production.min.js:34
mj @ react-dom.production.min.js:34
gh @ react-dom.production.min.js:62
Xg @ react-dom.production.min.js:63
(anonymous) @ react-dom.production.min.js:72
Tf @ react-dom.production.min.js:189
wg @ react-dom.production.min.js:32
Ce @ react-dom.production.min.js:65
Be @ react-dom.production.min.js:47
zj @ react-dom.production.min.js:46
WAPArkScanner/?arrival=2026-07-09&campgrounds=144%2C145%2C146%2C147%2C148%2C149%2C150%2C151%2C152%2…:1 Access to fetch at 'https://parkstay.dbca.wa.gov.au/api/campsite_availablity_view/156/?arrival=2026/07/09&departure=2026/07/22&num_adult=2&num_child=0&num_concession=0&num_infant=0&gear_type=all&_=1771937795694' from origin 'https://bigkrisso.github.io' has been blocked by CORS policy: No 'Access-Control-Allow-Origin' header is present on the requested resource.
Inline Babel script:193  GET https://parkstay.dbca.wa.gov.au/api/campsite_availablity_view/156/?arrival=2026/07/09&departure=2026/07/22&num_adult=2&num_child=0&num_concession=0&num_infant=0&gear_type=all&_=1771937795694 net::ERR_FAILED
(anonymous) @ Inline Babel script:193
(anonymous) @ Inline Babel script:2
(anonymous) @ Inline Babel script:2
asyncGeneratorStep @ Inline Babel script:2
_next @ Inline Babel script:2
(anonymous) @ Inline Babel script:2
(anonymous) @ Inline Babel script:2
(anonymous) @ Inline Babel script:207
(anonymous) @ Inline Babel script:184
(anonymous) @ Inline Babel script:2
(anonymous) @ Inline Babel script:2
asyncGeneratorStep @ Inline Babel script:2
_next @ Inline Babel script:2
(anonymous) @ Inline Babel script:2
(anonymous) @ Inline Babel script:2
searchAvailability @ Inline Babel script:178
kj @ react-dom.production.min.js:223
jj @ react-dom.production.min.js:34
mj @ react-dom.production.min.js:34
gh @ react-dom.production.min.js:62
Xg @ react-dom.production.min.js:63
(anonymous) @ react-dom.production.min.js:72
Tf @ react-dom.production.min.js:189
wg @ react-dom.production.min.js:32
Ce @ react-dom.production.min.js:65
Be @ react-dom.production.min.js:47
zj @ react-dom.production.min.js:46
WAPArkScanner/?arrival=2026-07-09&campgrounds=144%2C145%2C146%2C147%2C148%2C149%2C150%2C151%2C152%2…:1 Access to fetch at 'https://parkstay.dbca.wa.gov.au/api/campsite_availablity_view/162/?arrival=2026/07/09&departure=2026/07/22&num_adult=2&num_child=0&num_concession=0&num_infant=0&gear_type=all&_=1771937795694' from origin 'https://bigkrisso.github.io' has been blocked by CORS policy: No 'Access-Control-Allow-Origin' header is present on the requested resource.
Inline Babel script:193  GET https://parkstay.dbca.wa.gov.au/api/campsite_availablity_view/162/?arrival=2026/07/09&departure=2026/07/22&num_adult=2&num_child=0&num_concession=0&num_infant=0&gear_type=all&_=1771937795694 net::ERR_FAILED
(anonymous) @ Inline Babel script:193
(anonymous) @ Inline Babel script:2
(anonymous) @ Inline Babel script:2
asyncGeneratorStep @ Inline Babel script:2
_next @ Inline Babel script:2
(anonymous) @ Inline Babel script:2
(anonymous) @ Inline Babel script:2
(anonymous) @ Inline Babel script:207
(anonymous) @ Inline Babel script:184
(anonymous) @ Inline Babel script:2
(anonymous) @ Inline Babel script:2
asyncGeneratorStep @ Inline Babel script:2
_next @ Inline Babel script:2
(anonymous) @ Inline Babel script:2
(anonymous) @ Inline Babel script:2
searchAvailability @ Inline Babel script:178
kj @ react-dom.production.min.js:223
jj @ react-dom.production.min.js:34
mj @ react-dom.production.min.js:34
gh @ react-dom.production.min.js:62
Xg @ react-dom.production.min.js:63
(anonymous) @ react-dom.production.min.js:72
Tf @ react-dom.production.min.js:189
wg @ react-dom.production.min.js:32
Ce @ react-dom.production.min.js:65
Be @ react-dom.production.min.js:47
zj @ react-dom.production.min.js:46
WAPArkScanner/?arrival=2026-07-09&campgrounds=144%2C145%2C146%2C147%2C148%2C149%2C150%2C151%2C152%2…:1 Access to fetch at 'https://parkstay.dbca.wa.gov.au/api/campsite_availablity_view/151/?arrival=2026/07/09&departure=2026/07/22&num_adult=2&num_child=0&num_concession=0&num_infant=0&gear_type=all&_=1771937795692' from origin 'https://bigkrisso.github.io' has been blocked by CORS policy: No 'Access-Control-Allow-Origin' header is present on the requested resource.
Inline Babel script:193  GET https://parkstay.dbca.wa.gov.au/api/campsite_availablity_view/151/?arrival=2026/07/09&departure=2026/07/22&num_adult=2&num_child=0&num_concession=0&num_infant=0&gear_type=all&_=1771937795692 net::ERR_FAILED
(anonymous) @ Inline Babel script:193
(anonymous) @ Inline Babel script:2
(anonymous) @ Inline Babel script:2
asyncGeneratorStep @ Inline Babel script:2
_next @ Inline Babel script:2
(anonymous) @ Inline Babel script:2
(anonymous) @ Inline Babel script:2
(anonymous) @ Inline Babel script:207
(anonymous) @ Inline Babel script:184
(anonymous) @ Inline Babel script:2
(anonymous) @ Inline Babel script:2
asyncGeneratorStep @ Inline Babel script:2
_next @ Inline Babel script:2
(anonymous) @ Inline Babel script:2
(anonymous) @ Inline Babel script:2
searchAvailability @ Inline Babel script:178
kj @ react-dom.production.min.js:223
jj @ react-dom.production.min.js:34
mj @ react-dom.production.min.js:34
gh @ react-dom.production.min.js:62
Xg @ react-dom.production.min.js:63
(anonymous) @ react-dom.production.min.js:72
Tf @ react-dom.production.min.js:189
wg @ react-dom.production.min.js:32
Ce @ react-dom.production.min.js:65
Be @ react-dom.production.min.js:47
zj @ react-dom.production.min.js:46
WAPArkScanner/?arrival=2026-07-09&campgrounds=144%2C145%2C146%2C147%2C148%2C149%2C150%2C151%2C152%2…:1 Access to fetch at 'https://parkstay.dbca.wa.gov.au/api/campsite_availablity_view/153/?arrival=2026/07/09&departure=2026/07/22&num_adult=2&num_child=0&num_concession=0&num_infant=0&gear_type=all&_=1771937795693' from origin 'https://bigkrisso.github.io' has been blocked by CORS policy: No 'Access-Control-Allow-Origin' header is present on the requested resource.
Inline Babel script:193  GET https://parkstay.dbca.wa.gov.au/api/campsite_availablity_view/153/?arrival=2026/07/09&departure=2026/07/22&num_adult=2&num_child=0&num_concession=0&num_infant=0&gear_type=all&_=1771937795693 net::ERR_FAILED
(anonymous) @ Inline Babel script:193
(anonymous) @ Inline Babel script:2
(anonymous) @ Inline Babel script:2
asyncGeneratorStep @ Inline Babel script:2
_next @ Inline Babel script:2
(anonymous) @ Inline Babel script:2
(anonymous) @ Inline Babel script:2
(anonymous) @ Inline Babel script:207
(anonymous) @ Inline Babel script:184
(anonymous) @ Inline Babel script:2
(anonymous) @ Inline Babel script:2
asyncGeneratorStep @ Inline Babel script:2
_next @ Inline Babel script:2
(anonymous) @ Inline Babel script:2
(anonymous) @ Inline Babel script:2
searchAvailability @ Inline Babel script:178
kj @ react-dom.production.min.js:223
jj @ react-dom.production.min.js:34
mj @ react-dom.production.min.js:34
gh @ react-dom.production.min.js:62
Xg @ react-dom.production.min.js:63
(anonymous) @ react-dom.production.min.js:72
Tf @ react-dom.production.min.js:189
wg @ react-dom.production.min.js:32
Ce @ react-dom.production.min.js:65
Be @ react-dom.production.min.js:47
zj @ react-dom.production.min.js:46
WAPArkScanner/?arrival=2026-07-09&campgrounds=144%2C145%2C146%2C147%2C148%2C149%2C150%2C151%2C152%2…:1 Access to fetch at 'https://parkstay.dbca.wa.gov.au/api/campsite_availablity_view/165/?arrival=2026/07/09&departure=2026/07/22&num_adult=2&num_child=0&num_concession=0&num_infant=0&gear_type=all&_=1771937795695' from origin 'https://bigkrisso.github.io' has been blocked by CORS policy: No 'Access-Control-Allow-Origin' header is present on the requested resource.
Inline Babel script:193  GET https://parkstay.dbca.wa.gov.au/api/campsite_availablity_view/165/?arrival=2026/07/09&departure=2026/07/22&num_adult=2&num_child=0&num_concession=0&num_infant=0&gear_type=all&_=1771937795695 net::ERR_FAILED
(anonymous) @ Inline Babel script:193
(anonymous) @ Inline Babel script:2
(anonymous) @ Inline Babel script:2
asyncGeneratorStep @ Inline Babel script:2
_next @ Inline Babel script:2
(anonymous) @ Inline Babel script:2
(anonymous) @ Inline Babel script:2
(anonymous) @ Inline Babel script:207
(anonymous) @ Inline Babel script:184
(anonymous) @ Inline Babel script:2
(anonymous) @ Inline Babel script:2
asyncGeneratorStep @ Inline Babel script:2
_next @ Inline Babel script:2
(anonymous) @ Inline Babel script:2
(anonymous) @ Inline Babel script:2
searchAvailability @ Inline Babel script:178
kj @ react-dom.production.min.js:223
jj @ react-dom.production.min.js:34
mj @ react-dom.production.min.js:34
gh @ react-dom.production.min.js:62
Xg @ react-dom.production.min.js:63
(anonymous) @ react-dom.production.min.js:72
Tf @ react-dom.production.min.js:189
wg @ react-dom.production.min.js:32
Ce @ react-dom.production.min.js:65
Be @ react-dom.production.min.js:47
zj @ react-dom.production.min.js:46
WAPArkScanner/?arrival=2026-07-09&campgrounds=144%2C145%2C146%2C147%2C148%2C149%2C150%2C151%2C152%2…:1 Access to fetch at 'https://parkstay.dbca.wa.gov.au/api/campsite_availablity_view/155/?arrival=2026/07/09&departure=2026/07/22&num_adult=2&num_child=0&num_concession=0&num_infant=0&gear_type=all&_=1771937795693' from origin 'https://bigkrisso.github.io' has been blocked by CORS policy: No 'Access-Control-Allow-Origin' header is present on the requested resource.
Inline Babel script:193  GET https://parkstay.dbca.wa.gov.au/api/campsite_availablity_view/155/?arrival=2026/07/09&departure=2026/07/22&num_adult=2&num_child=0&num_concession=0&num_infant=0&gear_type=all&_=1771937795693 net::ERR_FAILED
(anonymous) @ Inline Babel script:193
(anonymous) @ Inline Babel script:2
(anonymous) @ Inline Babel script:2
asyncGeneratorStep @ Inline Babel script:2
_next @ Inline Babel script:2
(anonymous) @ Inline Babel script:2
(anonymous) @ Inline Babel script:2
(anonymous) @ Inline Babel script:207
(anonymous) @ Inline Babel script:184
(anonymous) @ Inline Babel script:2
(anonymous) @ Inline Babel script:2
asyncGeneratorStep @ Inline Babel script:2
_next @ Inline Babel script:2
(anonymous) @ Inline Babel script:2
(anonymous) @ Inline Babel script:2
searchAvailability @ Inline Babel script:178
kj @ react-dom.production.min.js:223
jj @ react-dom.production.min.js:34
mj @ react-dom.production.min.js:34
gh @ react-dom.production.min.js:62
Xg @ react-dom.production.min.js:63
(anonymous) @ react-dom.production.min.js:72
Tf @ react-dom.production.min.js:189
wg @ react-dom.production.min.js:32
Ce @ react-dom.production.min.js:65
Be @ react-dom.production.min.js:47
zj @ react-dom.production.min.js:46
